Found 12 unprocessed dataset(s):

  [READY] /store1/shared/g5ht/data/20260112/date-20260112_strain-ISg5HT_condition-fedpatch_worm001.nd2
  [READY] /store1/shared/g5ht/data/20260113/date-20260113_strain-ISg5HT-ADF-TeTx_condition-starvedpatch_worm001.nd2
  [READY] /store1/shared/g5ht/data/20260120/date-20260120_strain-ISg5HT_condition-starvedpatch_worm001.nd2
  [READY] /store1/shared/g5ht/data/20260123/date-20260123_strain-ISg5HT_condition-fedpatch_worm001.nd2
  [STAGE1 INCOMPLETE, NO NOSE CSV] /store1/shared/g5ht/data/20260114/date-20260114_strain-ISg5HT_condition-starvedpatch_worm001.nd2
  [READY] /store1/shared/g5ht/data/20260123/date-20260123_strain-ISg5HT_condition-fedpatch_worm002.nd2
  [READY] /store1/shared/g5ht/data/20260217/date-20260217_strain-ISg5HT-nsIS180_condition-starvedpatch_worm004.nd2
  [READY] /store1/shared/g5ht/data/20260217/date-20260217_strain-ISg5HT-nsIS180_condition-fedpatch_worm006.nd2
  [READY] /store1/shared/g5ht/data/20260220/date-20260220_strain-ISg5HT-mod5_condition-starvedpatch_worm005.nd2
  [STAGE1 INCOMPLETE, NO NOSE CSV] /store1/shared/g5ht/data/20260112/date-20260112_strain-ISg5HT_condition-fedpatch_worm002.nd2
  [STAGE1 INCOMPLETE, NO NOSE CSV] /store1/shared/g5ht/data/20260113/date-20260113_strain-ISg5HT-ADF-TeTx_condition-starvedpatch_worm005.nd2
  [NOT FOUND] /store1/shared/g5ht/data/20260127/date-20260127_strain-ISg5HT_condition-fedpatch_worm001.nd2

Running steps: [8, 9]
Force re-processing: False


[1/12]

================================================================================
Processing: /store1/shared/g5ht/data/20260112/date-20260112_strain-ISg5HT_condition-fedpatch_worm001.nd2
================================================================================


--- Step 8: Orient ---
Rendering and collecting frames...
Saving TIFF stack to: /store1/shared/g5ht/data/20260112/date-20260112_strain-ISg5HT_condition-fedpatch_worm001/oriented_stack.tif
TIFF stack saved successfully.

--- Step 9: Warp ---

Completed: /store1/shared/g5ht/data/20260112/date-20260112_strain-ISg5HT_condition-fedpatch_worm001.nd2

[2/12]

================================================================================
Processing: /store1/shared/g5ht/data/20260113/date-20260113_strain-ISg5HT-ADF-TeTx_condition-starvedpatch_worm001.nd2
================================================================================


--- Step 8: Orient ---
Rendering and collecting frames...
Saving TIFF stack to: /store1/shared/g5ht/data/20260113/date-20260113_strain-ISg5HT-ADF-TeTx_condition-starvedpatch_worm001/oriented_stack.tif
TIFF stack saved successfully.

--- Step 9: Warp ---
